<?xml version="1.0" encoding="UTF-8"?>
<!-- Generated by org.testng.reporters.JUnitReportReporter -->
<testsuite hostname="sanvijanvis-mbp.lan" failures="0" tests="1" name="com.test.base.Base" time="5.810" errors="0" timestamp="2020-04-19T17:30:02 PDT" skipped="0">
  <testcase classname="com.test.base.Base" name="testChromePage" time="5.810"/>
</testsuite> <!-- com.test.base.Base -->
