<?xml version="1.0" encoding="UTF-8"?>
<!-- Generated by org.testng.reporters.JUnitReportReporter -->
<testsuite hostname="sanvijanvis-mbp.lan" failures="0" tests="1" name="com.qaf.amz.AmazonServices" time="3.495" errors="0" timestamp="2020-04-02T17:22:22 PDT" skipped="0">
  <testcase classname="com.qaf.amz.AmazonServices" name="amazonServices" time="3.495"/>
</testsuite> <!-- com.qaf.amz.AmazonServices -->
