<?xml version="1.0" encoding="UTF-8"?>
<!-- Generated by org.testng.reporters.JUnitReportReporter -->
<testsuite hostname="sanvijanvis-mbp.lan" failures="0" tests="1" name="com.qaf.amz.AmazonQAF" time="14.730" errors="0" timestamp="2020-04-04T23:00:17 PDT" skipped="0">
  <testcase classname="com.qaf.amz.AmazonQAF" name="amazonServices" time="14.730"/>
</testsuite> <!-- com.qaf.amz.AmazonQAF -->
