<?xml version="1.0" encoding="UTF-8"?>
<!-- Generated by org.testng.reporters.JUnitReportReporter -->
<testsuite hostname="sanvijanvis-mbp.lan" failures="0" tests="3" name="amazon.AmazonServices" time="9.692" errors="0" timestamp="2020-03-21T10:17:55 PDT" skipped="0">
  <testcase classname="amazon.AmazonServices" name="clickMenu" time="1.771"/>
  <testcase classname="amazon.AmazonServices" name="selectAge" time="7.021"/>
  <testcase classname="amazon.AmazonServices" name="takeScreenshot" time="0.900"/>
</testsuite> <!-- amazon.AmazonServices -->
