<?xml version="1.0" encoding="UTF-8"?>
<!-- Generated by org.testng.reporters.JUnitReportReporter -->
<testsuite hostname="sanvijanvis-mbp.lan" failures="0" tests="3" name="amazon.AmazonServices" time="2.068" errors="0" timestamp="2020-04-03T00:21:29 PDT" skipped="0">
  <testcase classname="amazon.AmazonServices" name="clickMenu" time="0.900"/>
  <testcase classname="amazon.AmazonServices" name="selectAge" time="0.027"/>
  <testcase classname="amazon.AmazonServices" name="takeScreenshot" time="1.141"/>
</testsuite> <!-- amazon.AmazonServices -->
