<?xml version="1.0" encoding="UTF-8"?>
<!-- Generated by org.testng.reporters.JUnitReportReporter -->
<testsuite hostname="sanvijanvis-mbp.lan" failures="0" tests="5" name="amazon.AmazonServices" time="4.692" errors="0" timestamp="2020-03-23T18:53:57 PDT" skipped="0">
  <testcase classname="amazon.AmazonServices" name="signInLink" time="1.113"/>
  <testcase classname="amazon.AmazonServices" name="login" time="3.014"/>
  <testcase classname="amazon.AmazonServices" name="clickMenu" time="0.048"/>
  <testcase classname="amazon.AmazonServices" name="selectAge" time="0.036"/>
  <testcase classname="amazon.AmazonServices" name="takeScreenshot" time="0.481"/>
</testsuite> <!-- amazon.AmazonServices -->
