<?xml version="1.0" encoding="UTF-8"?>
<!-- Generated by org.testng.reporters.JUnitReportReporter -->
<testsuite hostname="sanvijanvis-mbp.lan" failures="0" tests="1" name="com.test.base.Base" time="17.706" errors="0" timestamp="2020-04-19T18:09:38 PDT" skipped="0">
  <testcase classname="com.test.base.Base" name="whatsAppTest" time="17.706"/>
</testsuite> <!-- com.test.base.Base -->
