<?xml version="1.0" encoding="UTF-8"?>
<!-- Generated by org.testng.reporters.JUnitReportReporter -->
<testsuite hostname="sanvijanvis-mbp.lan" failures="0" tests="1" name="com.test.qaf.AccessWebServiceImpl" time="0.342" errors="0" timestamp="2020-04-01T11:23:06 PDT" skipped="0">
  <testcase classname="com.test.qaf.AccessWebServiceImpl" name="accessWebService" time="0.342"/>
</testsuite> <!-- com.test.qaf.AccessWebServiceImpl -->
