<?xml version="1.0" encoding="UTF-8"?>
<!-- Generated by org.testng.reporters.JUnitReportReporter -->
<testsuite hostname="sanvijanvis-mbp.lan" failures="0" tests="6" name="com.qmetry.qaf.automation.step.client.DataDrivenScenario" time="0.000" errors="0" timestamp="2020-04-01T08:14:45 PDT" skipped="6">
  <testcase classname="com.qmetry.qaf.automation.step.client.DataDrivenScenario" name="scenario" time="0.000">
    <skipped/>
  </testcase> <!-- scenario -->
  <testcase classname="com.qmetry.qaf.automation.step.client.DataDrivenScenario" name="scenario" time="0.000">
    <skipped/>
  </testcase> <!-- scenario -->
  <testcase classname="com.qmetry.qaf.automation.step.client.DataDrivenScenario" name="scenario" time="0.000">
    <skipped/>
  </testcase> <!-- scenario -->
  <testcase classname="com.qmetry.qaf.automation.step.client.DataDrivenScenario" name="scenario">
    <skipped/>
  </testcase> <!-- scenario -->
  <testcase classname="com.qmetry.qaf.automation.step.client.DataDrivenScenario" name="scenario">
    <skipped/>
  </testcase> <!-- scenario -->
  <testcase classname="com.qmetry.qaf.automation.step.client.DataDrivenScenario" name="scenario">
    <skipped/>
  </testcase> <!-- scenario -->
</testsuite> <!-- com.qmetry.qaf.automation.step.client.DataDrivenScenario -->
