<?xml version="1.0" encoding="UTF-8"?>
<!-- Generated by org.testng.reporters.JUnitReportReporter -->
<testsuite hostname="sanvijanvis-mbp.lan" failures="0" tests="1" name="qaf.example.tests.Demo" time="7.227" errors="0" timestamp="2020-04-01T07:38:32 PDT" skipped="0">
  <testcase classname="qaf.example.tests.Demo" name="testGoogleSearch" time="7.227"/>
</testsuite> <!-- qaf.example.tests.Demo -->
