<?xml version="1.0" encoding="UTF-8"?>
<!-- Generated by org.testng.reporters.JUnitReportReporter -->
<testsuite hostname="sanvijanvis-mbp.lan" failures="0" tests="1" name="qaf.example.tests.Demo" time="6.796" errors="0" timestamp="2020-04-02T20:51:06 PDT" skipped="0">
  <testcase classname="qaf.example.tests.Demo" name="testGoogleSearch" time="6.796"/>
</testsuite> <!-- qaf.example.tests.Demo -->
