<?xml version="1.0" encoding="UTF-8"?>
<!-- Generated by org.testng.reporters.JUnitReportReporter -->
<testsuite hostname="sanvijanvis-mbp.lan" failures="0" tests="1" name="qaf.example.tests.SampleTest" time="7.718" errors="0" timestamp="2020-03-29T16:47:03 PDT" skipped="0">
  <testcase classname="qaf.example.tests.SampleTest" name="testGoogleSearch" time="7.718"/>
</testsuite> <!-- qaf.example.tests.SampleTest -->
