<?xml version="1.0" encoding="UTF-8"?>
<!-- Generated by org.testng.reporters.JUnitReportReporter -->
<testsuite skipped="0" hostname="sanvijanvis-mbp.lan" name="com.test.ios.BaseIOS" tests="1" failures="0" timestamp="2020-04-22T20:21:27 PDT" time="31.074" errors="0">
  <testcase name="testBrowser" time="31.074" classname="com.test.ios.BaseIOS"/>
</testsuite> <!-- com.test.ios.BaseIOS -->
