<?xml version="1.0" encoding="UTF-8"?>
<!-- Generated by org.testng.reporters.JUnitReportReporter -->
<testsuite skipped="0" hostname="SanviJanvis-MacBook-Pro.local" name="com.test.ios.BaseIOS" tests="1" failures="0" timestamp="2020-04-21T12:29:45 PDT" time="9.394" errors="0">
  <testcase name="testIos" time="9.394" classname="com.test.ios.BaseIOS"/>
</testsuite> <!-- com.test.ios.BaseIOS -->
