<?xml version="1.0" encoding="UTF-8"?>
<!-- Generated by org.testng.reporters.JUnitReportReporter -->
<testsuite ignored="0" hostname="sanvijanvis-mbp.lan" failures="0" tests="1" name="TestWs" time="0.953" errors="0" timestamp="31 Mar 2020 21:04:35 GMT" skipped="0">
  <testcase classname="TestWs" name="test" time="0.953"/>
</testsuite> <!-- TestWs -->
