<?xml version="1.0" encoding="UTF-8"?>
<!-- Generated by org.testng.reporters.JUnitReportReporter -->
<testsuite ignored="0" hostname="sanvijanvis-mbp.lan" failures="0" tests="1" name="com.rest.test.HelloTestRs" time="0.234" errors="0" timestamp="01 Apr 2020 01:11:11 GMT" skipped="0">
  <testcase classname="com.rest.test.HelloTestRs" name="displayText" time="0.234"/>
</testsuite> <!-- com.rest.test.HelloTestRs -->
